UGAU5451257: 45.432.058/6423-86<->58.505.242/5161-22
GIKU0319095: 58.614.400/7430-69<->29.028.428/8721-18
IJUU2838081: 41.262.926/7177-60<->25.920.591/4841-31
KRMJ3999605: 78.475.394/1774-57<->63.997.114/6438-66
SOJJ1784906: 71.006.535/4479-94<->33.261.082/7151-03
GVAJ1477104: 26.076.511/8235-60<->07.160.826/2849-50
JTXJ3089979: 38.024.801/6978-81<->22.239.439/6699-90
UGEZ8862407: 46.624.197/1850-80<->16.980.300/9028-52
BQWJ4830059: 41.929.384/4556-12<->73.763.392/2146-75
OPHJ0773304: 43.498.540/2246-59<->26.414.116/7130-92
BVGU6278091: 75.425.679/5664-45<->73.778.710/3438-41
FXLJ6527635: 19.362.378/9367-99<->56.100.918/0612-35
COBJ1822133: 79.729.706/7965-99<->17.349.378/2536-66
LAGU4823668: 42.897.141/7702-65<->30.282.741/2457-68
NRDU8127404: 09.374.058/3754-04<->76.611.343/5336-38
ELRU2191657: 17.251.485/7624-50<->22.210.351/2112-37
QFAJ9758649: 50.053.721/2476-71<->03.270.416/7349-38
WIWZ7406084: 94.499.128/5953-41<->85.036.925/0581-96
PBNJ1488267: 57.020.100/6918-49<->26.223.374/8784-08
GUKJ7098152: 41.513.864/6941-64<->84.802.401/8831-25
TEQU4051129: 27.373.955/1316-70<->45.701.272/6593-80
WIHU1393948: 90.489.513/5784-85<->29.726.376/7223-39
HZUZ6066025: 15.110.937/6538-61<->75.936.890/2875-81
JHBJ0416798: 60.608.807/3428-34<->05.875.720/2716-60
CCFU0538175: 84.683.436/6074-26<->88.654.395/4035-96
OTCJ1911093: 93.119.852/1436-54<->30.787.228/8210-84
CUWZ0578000: 94.603.269/1565-22<->26.385.527/5108-32
EXCU8377444: 24.506.643/4042-44<->56.493.609/6518-72
VXUJ5782298: 56.307.835/7145-39<->45.755.379/5551-70
LLFZ8333354: 36.137.887/9993-46<->81.607.885/2329-74
LDPJ1105697: 66.654.896/3237-47<->25.945.598/4613-96
WLHJ0347343: 39.096.572/2573-89<->10.334.213/3911-72
FCKJ6976966: 76.361.177/8613-70<->43.624.836/8118-97
GMYJ2383022: 90.743.081/0246-81<->43.551.423/8658-42
HJEJ1051147: 40.621.670/1435-53<->59.012.426/7478-46
WOVJ0810780: 72.311.321/3192-64<->45.662.035/5973-99
GIWU4473686: 80.831.921/2986-49<->33.826.287/0871-99
TOYU3004181: 99.259.540/4388-95<->51.064.772/4331-12
QUQZ5573553: 08.300.317/6837-28<->23.812.016/7000-47
QSYZ1013115: 65.821.442/4335-00<->55.251.670/9046-08
ENXU2430877: 37.791.833/5516-75<->69.271.804/0371-55
XVJZ0646787: 22.909.010/1586-65<->02.442.811/8870-71
JTZJ5661870: 66.781.145/4106-50<->04.586.490/5243-03
SONZ2516247: 33.685.695/1037-50<->02.574.251/4657-80
TTVU1592166: 22.344.860/7999-57<->04.627.317/7603-80
VGEJ6292243: 12.626.021/9374-41<->03.616.588/2799-13
MAGZ3838292: 90.124.954/5796-38<->82.602.484/8731-27
QAHU2540581: 86.164.162/3532-51<->95.550.568/3701-47
HRLJ8830958: 84.505.047/2875-78<->98.253.791/9375-78
YEQU3680120: 48.254.228/4489-70<->52.280.009/8687-23
AHUZ7263826: 95.230.517/9314-58<->54.992.063/4295-74
VDRZ3106252: 20.300.815/4134-48<->32.134.346/8004-55
LXJJ7090915: 99.233.109/7389-20<->34.820.611/0178-11
GGIZ1750467: 04.232.895/1581-53<->98.965.703/4584-16
WHSZ9255465: 35.661.336/2982-66<->32.189.515/6537-18
YTAJ3196851: 58.406.211/9269-14<->32.153.021/7324-18
MYQZ8928720: 52.252.688/0547-73<->22.019.077/0400-57
IZKU1162350: 92.790.348/3931-80<->13.662.307/6800-96
BSKZ0695078: 81.116.702/7569-54<->96.341.766/5858-05
IDTZ3148047: 54.035.767/3165-69<->26.927.039/5772-80
TXWJ0603229: 46.308.769/2143-90<->45.594.111/1710-31
XRMJ4156128: 44.322.040/6199-80<->27.390.650/0595-16
VHPU5516059: 52.177.026/6576-77<->50.976.007/5237-89
NXNZ8380313: 58.283.418/9484-66<->32.661.140/3641-82
CPQZ8785625: 69.507.798/2362-26<->95.097.430/7625-55
TUDU9104305: 36.813.288/4395-94<->21.982.499/2240-63
GYTU8360992: 85.074.008/5298-50<->77.165.436/1307-58
PUQU2464243: 23.340.421/2095-00<->01.907.468/2421-14
PSBU9931043: 06.142.738/5791-95<->04.570.832/4159-42
JNCZ8259921: 62.475.089/1109-03<->54.070.719/2821-25
ZLGJ5878588: 31.483.506/4889-30<->52.477.949/1081-25
TJMJ7868335: 17.265.891/6031-01<->06.647.521/3428-18
TFCU9508156: 01.312.438/8162-46<->29.356.533/5051-58
MKLZ2376761: 00.442.599/0756-76<->23.527.839/3243-36
JTKJ1114885: 03.542.350/8488-59<->70.974.707/2526-31
IDXZ0229049: 47.046.799/5921-97<->30.300.121/4168-92
JSZZ7513906: 33.908.019/4933-80<->03.503.485/4477-79
AUIU3629386: 87.078.815/1197-44<->64.035.234/8441-32
WOJJ9873131: 10.946.558/7914-50<->17.528.272/3461-35
TRFU1207958: 50.392.413/7548-67<->33.685.920/5393-77
OGDU9616962: 65.641.299/5681-32<->43.809.662/7593-52
ZUCU6108545: 15.386.569/6063-55<->64.780.621/1657-70
QOAZ7343464: 23.366.012/0191-43<->54.051.820/1800-87
OCEU0978619: 36.167.528/3977-47<->56.681.117/0162-79
RORJ3819732: 55.994.031/8912-27<->53.027.042/2220-57
XPYU3916417: 25.581.834/2576-35<->13.893.038/4448-22
PJFU2545014: 43.030.463/4752-89<->29.271.135/8084-29
GKKZ0357236: 84.006.740/0300-59<->05.804.428/0528-24
QTCJ2895061: 73.538.341/2793-92<->69.066.188/5342-62
XCYU6780827: 12.597.820/3427-95<->48.222.662/5645-94
SQAZ8328795: 50.294.304/1132-28<->81.335.219/5822-58
CZHJ9725211: 35.893.489/1464-76<->57.561.574/8697-63
YLDJ1593197: 54.309.824/3690-03<->18.051.127/2852-86
CWBJ3971519: 21.448.902/4638-84<->30.795.837/3905-70
JKBU9177667: 04.483.921/1726-25<->49.709.527/0411-80
ZPTZ7565878: 17.731.456/8043-37<->80.547.691/6676-07
SSJU8201491: 58.689.522/4397-31<->54.604.588/1146-93
HJKU3968851: 69.792.962/1362-12<->94.912.659/9476-56
PUGJ7654897: 54.918.774/8370-60<->39.429.071/1638-10
NATZ6918577: 45.266.635/3512-90<->93.693.446/8640-87
UBTU1673149: 94.174.998/3374-35<->62.646.243/1379-63
IJTU7477743: 52.676.869/5640-22<->22.669.430/5858-20
CYUU7534297: 96.326.580/1411-26<->00.240.684/7798-42
RZFU3933356: 56.921.836/1003-76<->16.043.037/0585-75
PAJZ8746438: 45.465.327/9697-36<->39.491.598/0743-40
UBEJ1394366: 28.100.207/8683-02<->03.853.617/7123-29
FQFU0727040: 08.383.279/0209-61<->82.792.362/3001-01
LTWZ1526293: 72.050.321/3946-69<->61.524.843/6646-23
SZWJ5084936: 42.569.552/5489-90<->53.626.076/2175-17
WBRZ9193558: 33.954.896/2835-92<->51.964.230/9137-56
ZZTU8057246: 52.515.815/3158-48<->86.204.738/0083-37
YLKZ9428451: 74.587.639/0413-43<->54.194.390/2882-77
TVOZ4085860: 35.317.653/5857-45<->00.118.689/8229-14
IKPJ6305721: 46.820.166/6446-56<->03.946.768/6017-55
BUOZ3923280: 58.910.215/3625-44<->19.832.749/9090-86
FRUZ1773375: 26.788.499/8619-04<->39.363.446/7888-70
KKWJ7983715: 97.514.393/9039-08<->60.418.347/0367-57
MAFU9646505: 29.429.280/8915-14<->58.904.539/4358-12
QHEU9654139: 78.141.235/9715-50<->53.530.712/0771-97
ZBVU7081941: 78.789.546/9080-80<->20.372.862/1817-96
EBXZ1632008: 15.844.067/0043-98<->99.168.102/9407-19
KMAJ2620016: 28.127.132/0956-19<->65.935.224/4487-04
LBWZ6084218: 55.872.192/7074-82<->79.916.785/9884-26
MWCZ7815778: 80.451.252/0313-40<->24.099.019/7202-22
KXGZ1065423: 02.721.891/2264-90<->44.285.185/6804-12
FRVU8993634: 21.035.731/2280-81<->46.445.303/4020-83
RDUU0436014: 19.566.755/0893-53<->48.690.028/1219-12
UVVJ7911918: 43.531.013/2141-51<->76.645.775/4158-05
KPXU0037209: 31.077.653/6807-36<->01.740.224/2538-60
HAHZ9903841: 12.096.667/1122-42<->54.898.312/2920-05
UOLZ5016410: 46.934.708/0756-87<->56.342.561/6052-44
QOXU9921589: 33.696.373/1117-55<->02.104.193/8086-64
KYDJ5768666: 69.573.150/7219-22<->97.095.075/5272-06
DUOZ3077539: 23.917.397/3009-69<->07.991.288/2190-04
KCWU8286127: 93.593.127/6911-88<->47.922.016/7873-39
EPLJ3415036: 74.041.386/7792-33<->76.303.301/7656-49
FIYJ0441276: 63.255.907/4234-95<->17.259.710/6048-49
WQQU7984962: 37.801.107/0954-84<->73.057.262/3903-83
LIQU0073582: 82.821.568/5074-67<->07.448.958/8698-87
WLDZ5171391: 35.928.939/1422-32<->62.270.740/8169-48
QLPZ0815949: 51.445.871/6729-64<->82.153.351/7784-40
GXHZ0627610: 39.796.019/6422-45<->92.000.026/3084-88
GKUU4928917: 61.352.918/6369-01<->07.813.164/1578-68
AIYU7722362: 48.105.994/0225-40<->61.792.011/3380-27
SAFJ1587149: 74.068.233/9443-70<->31.925.939/1299-18
WKEJ0248438: 41.626.388/9629-56<->19.622.006/1732-67
XRJZ9656774: 34.585.502/6532-75<->36.297.922/3818-01
QNQZ7294498: 21.512.777/0446-41<->32.973.130/2460-70
NKCU6620773: 58.458.177/9565-21<->31.041.803/6293-32
WCDU2011105: 46.768.470/9739-91<->92.606.262/2880-40
XYPJ7443072: 57.024.106/5694-48<->54.393.164/7350-05
GAOJ1896543: 22.453.456/3182-30<->51.477.833/8096-34
HRBJ9599704: 09.803.267/9851-05<->92.572.553/4607-17
ICVU2037424: 33.417.581/1113-65<->48.346.381/0315-66
RWKZ6762639: 25.223.735/2209-00<->76.472.838/8265-25
EVHZ3275180: 70.307.491/8585-86<->65.989.471/8166-44
ZZAJ8873236: 24.146.888/0004-45<->21.709.015/9557-09
EQCJ3586998: 34.372.439/6410-58<->55.316.568/6635-54
GSNJ4996434: 08.923.985/5215-95<->62.329.506/0037-93
KJPJ6402190: 13.019.294/3180-32<->40.759.151/9131-16
RCKJ9331988: 72.231.158/8201-11<->31.363.034/5448-80
TYZJ6743290: 86.832.508/8596-36<->27.639.518/4364-95
PNXU1859515: 81.129.795/6049-82<->77.310.190/1212-03
UJBZ6269573: 97.708.152/9457-38<->73.648.690/3688-29
HVYJ8250865: 18.548.954/5381-19<->86.214.826/9313-49
XWKU2130049: 33.873.648/5425-58<->08.941.372/2590-65
WXNZ8014687: 17.973.729/6522-42<->89.029.596/0120-02
ZXCZ5903036: 04.860.836/5457-21<->62.285.342/6258-10
VRXZ1468877: 85.137.266/3495-92<->45.708.477/0979-36
YUFJ5596158: 79.887.956/2250-49<->81.842.618/3513-79
LXTJ1193593: 20.849.462/2515-82<->33.737.921/3597-52
KSPU0036323: 27.494.632/5883-56<->03.847.413/2408-78
JFYZ0679527: 92.732.687/6622-52<->00.534.179/3069-95
DXZU2827605: 12.683.217/7754-31<->95.885.592/6939-08
XHGU1012636: 95.934.489/2895-14<->28.578.229/4998-56
FAHJ8256617: 79.726.433/2698-01<->38.707.613/5149-31
AWCZ9744206: 63.325.508/9797-65<->41.398.994/3835-12
BAPJ4819727: 91.664.881/0380-22<->51.180.497/3988-94
OUFJ2708709: 62.022.246/8369-30<->34.068.949/2075-91
KPQJ6157921: 07.608.094/0623-77<->13.126.980/4013-76
NBJZ2632038: 44.104.883/6822-63<->58.935.088/5219-17
AEWU9675162: 77.991.545/1333-41<->48.508.672/8074-68
DNVJ8200998: 67.197.492/3481-63<->10.960.591/9703-36
EHUZ1756089: 04.760.718/7593-25<->05.892.653/4174-37
ANIJ4879926: 42.035.102/9716-74<->93.238.413/3646-90
BTTU6801400: 90.400.734/1855-54<->99.411.581/6104-08
QUIJ1236987: 69.570.324/0964-63<->97.817.433/5950-28
JBOZ7194401: 82.210.486/1386-89<->03.006.355/9485-87
KWOZ5167633: 99.483.266/1458-98<->07.855.543/2356-06
EWCJ3440389: 54.092.242/8299-77<->30.502.017/3933-76
OCWU6098113: 37.313.380/3917-23<->85.908.796/9149-18
LQOJ9129282: 97.893.773/5212-27<->25.053.975/6461-00
TOTU4213125: 63.328.979/7566-11<->19.354.923/6734-03
XKVZ5617826: 78.929.444/8251-20<->80.568.506/9853-79
QZRJ0283253: 42.965.106/6513-34<->52.074.482/6460-09
AFBJ1772185: 61.870.002/0263-81<->08.184.695/4285-64
ABIU9893839: 31.867.854/0984-53<->74.103.040/9172-85
OPBZ4863224: 07.041.120/9656-94<->50.203.575/9277-60
SPNJ7895545: 05.601.644/0481-70<->17.741.225/4802-34
GTEU8012954: 18.117.144/5024-38<->64.164.078/9611-43
ZEQZ6627913: 59.303.658/8843-86<->23.568.057/9791-04
JEKZ2575374: 26.905.729/8769-34<->66.807.973/4988-06
FLBU6627352: 06.469.032/8947-67<->45.473.894/7994-91
BAEU8975322: 48.706.324/3256-27<->61.918.287/4999-96
UBQZ7687419: 25.551.711/1280-25<->43.383.776/2240-65
DAWZ5617522: 53.857.967/1523-62<->13.739.832/5130-86
UFWJ6166676: 56.252.268/0268-58<->19.551.895/5766-60
ICZU2444008: 51.272.264/8769-65<->50.220.492/2316-70
BOXJ4700503: 82.132.527/4309-84<->80.083.698/2904-55
JBKZ8667967: 48.527.729/2958-85<->92.013.913/6645-00
OMEJ3083816: 66.782.955/2386-96<->77.986.020/3989-96
ZAEU6477325: 27.727.924/2839-94<->54.893.501/4841-65
OWOJ4003001: 26.152.854/0552-54<->73.047.778/3099-82
SRZZ5423296: 99.259.853/6544-86<->70.735.486/7588-39
NNIZ2329167: 27.843.044/1652-96<->47.810.241/9565-19
VROJ5398922: 43.398.133/8197-01<->74.145.783/8534-60
EFXZ9514931: 21.057.245/1976-55<->52.405.488/6463-13
NJPU3768452: 93.770.360/7003-83<->78.574.256/8092-72
LKPU2237599: 68.810.316/7193-35<->25.534.524/8388-81
XQDU1166048: 81.875.473/4215-27<->08.829.973/2143-30
GAFJ7968484: 20.618.623/0330-04<->42.545.170/2174-96
TBQZ0254242: 37.997.369/4923-10<->42.452.428/9522-20
GXJJ8147517: 37.633.181/5509-29<->04.915.916/6132-68
TNPJ1466982: 32.747.469/4140-33<->34.639.643/6324-38
TRAU3193035: 48.687.279/6714-21<->31.250.174/0677-41
BNAJ8574852: 06.680.658/2901-46<->95.925.273/5870-74
MIZU2577134: 96.129.506/0136-67<->27.451.346/9384-63
EKWJ7105062: 91.925.997/7148-19<->63.065.659/4801-45
QMZU9507355: 70.055.548/7603-80<->95.120.604/8989-20
RHLJ9445443: 10.332.658/7836-41<->22.238.559/5395-10
NTHU9482269: 86.228.274/6930-19<->47.394.527/5415-46
IABZ8357311: 81.042.349/2249-74<->63.662.670/1015-20
ARGJ4763571: 29.670.875/5558-24<->25.806.066/2695-79
TQUJ2684841: 68.237.545/0931-63<->99.192.655/3442-53
YAFU3829532: 37.267.910/5364-82<->54.276.188/7179-72
PYNU2453925: 63.295.127/7252-59<->24.151.106/3319-97
KTRU0883660: 02.330.692/9468-13<->50.905.671/0398-70
BNTU9408990: 69.971.427/2492-60<->28.780.987/5397-60
TQDU4776260: 28.966.380/8655-24<->32.366.267/3185-35
YVDZ8843465: 94.564.366/1533-53<->69.615.343/5870-40
ZGTZ5987580: 45.203.345/9404-98<->84.129.835/6894-54
DTJZ3119822: 67.972.370/4235-76<->60.120.809/3402-31
TUOU9983280: 85.915.325/5507-33<->18.697.563/7253-06
IBFZ8967726: 64.792.818/0100-40<->56.283.995/5876-68
JYLZ8100549: 24.816.414/0212-19<->75.217.546/7769-06
ORIJ5598261: 73.356.217/3947-02<->00.591.212/5785-56
HCEU0002161: 60.653.841/9832-96<->11.765.929/4888-72
UEGZ0916817: 04.775.254/6490-28<->25.949.804/1076-97
QLTZ5061490: 51.848.962/3458-86<->99.854.759/0287-51
JXLJ0927342: 64.482.796/2337-25<->06.795.140/4902-19
VGXU6809440: 40.940.587/7672-89<->53.403.581/5333-62
YNMU9771725: 79.657.145/6733-70<->26.932.605/2758-99
RETJ5839682: 71.083.065/3078-56<->75.149.745/8912-86
OSJZ5672910: 66.204.758/0974-63<->43.148.798/5688-51
NYUU9310105: 50.277.090/4376-43<->54.808.532/0394-50
LYMU7857830: 19.925.736/0714-87<->62.995.038/3456-16
UAXJ0918058: 15.281.453/3905-34<->78.921.802/9150-31
OPLJ5063524: 39.243.798/6410-52<->61.348.781/3786-73
MYCJ6112256: 20.667.207/0098-75<->87.171.301/6530-18
DFHJ1223041: 81.821.006/4624-69<->46.425.839/0970-91
REAZ6142834: 82.826.642/5143-74<->34.990.757/6916-59
ZWMZ2948165: 41.717.480/4951-34<->41.063.395/6377-04
INGJ2736466: 41.217.548/6981-22<->34.489.299/3667-72
ZUHJ6963982: 72.557.694/3858-82<->43.595.851/2177-89
EJBU2253058: 97.268.406/1678-06<->16.858.209/6235-67
VEEU7669067: 50.460.021/6288-35<->87.941.244/5814-93
HUBZ9862779: 93.288.306/7949-62<->70.190.886/6551-66
OWZJ9326067: 82.996.087/7041-85<->53.094.261/2586-37
BJFZ3549457: 28.812.014/9005-08<->14.781.263/2557-03
DEEU2546434: 91.799.172/8760-84<->43.618.168/7371-20
ROWJ7317162: 68.750.276/1137-23<->18.968.012/5669-66
DIOZ6112194: 57.509.739/0526-07<->28.226.330/4907-65
GPZZ3501215: 69.949.594/5799-48<->64.905.948/6830-02
EIGZ0890030: 75.739.592/7244-27<->82.504.751/0179-28
JWMU1757776: 98.613.028/1713-91<->78.649.036/2467-52
YQAZ0872115: 76.497.445/4411-46<->71.517.599/7221-34
DPZJ3655299: 93.583.099/5125-24<->13.406.319/8432-59
GMIU3496390: 68.603.343/4429-28<->13.375.872/9818-09
POIZ2394632: 19.548.509/6137-21<->68.754.029/8641-83
TSAJ3250621: 48.418.485/2587-10<->99.909.996/2154-31
ZVJU7532857: 39.733.300/5063-98<->00.329.379/7853-42
CGRJ9652304: 89.120.702/9268-64<->50.605.178/9807-22
WGLZ4611061: 46.885.323/3209-75<->39.789.751/6505-45
KUTU0402989: 42.289.606/4301-59<->27.039.473/9134-15
GNYZ4664905: 42.452.567/6461-01<->15.221.398/5794-87
XCQJ2655172: 10.699.196/4291-76<->75.295.528/7774-40
YQXU7747007: 00.284.014/3798-92<->46.204.844/5207-46
NWRU7212647: 29.903.653/4539-69<->71.840.609/5527-38
EKIU2609864: 89.958.162/6617-75<->01.257.690/9748-53
KTLU2702913: 77.508.709/5292-28<->02.133.233/5945-14
UOFZ4270599: 25.076.583/6542-64<->32.874.334/5887-30
EWVJ8724169: 19.413.719/5715-57<->33.862.240/4467-19
OZJZ1535348: 28.956.454/3759-47<->49.001.454/9773-40
ZYMU0597066: 13.118.451/3917-91<->71.008.878/8617-40
CPPZ2482543: 55.264.197/9178-04<->54.875.054/8878-80
DVLJ4365301: 80.959.900/6040-89<->37.511.135/5981-78
KWLZ0693570: 60.920.547/2521-43<->33.382.806/1903-61
BUDJ0803668: 46.705.839/7657-73<->45.351.000/0921-86
XDZZ0644949: 75.111.457/3009-37<->85.976.227/4929-49
TJAU1481583: 64.191.672/1745-48<->60.071.286/3611-59
SCMJ7181645: 07.242.792/0083-48<->03.956.295/9898-64
XRAZ7946955: 37.069.991/6724-84<->09.953.937/1234-94
UNFJ4196732: 39.900.743/0921-30<->56.764.774/5329-62
NLUZ0913706: 02.631.930/4551-20<->13.551.502/1209-40
NQAJ2395535: 92.449.137/9324-03<->80.290.606/4396-94
BVQJ4128233: 71.744.170/0392-40<->87.895.715/4560-96
GYUJ0001207: 66.683.423/8354-03<->08.446.059/5452-41
HUOU0027746: 55.224.418/7650-92<->18.163.657/3464-92
MKMU6106468: 30.641.535/5940-48<->49.661.037/8353-01
DLOJ0735491: 94.768.360/2090-82<->10.230.107/6669-11
NSRU0424473: 41.833.169/1792-34<->23.533.972/8643-53
ZFOJ7770905: 38.729.176/4577-72<->09.318.810/3810-81
GSAU3598778: 63.619.430/7410-81<->26.616.215/5570-19
KRFZ7198474: 26.280.907/0852-32<->47.487.275/0903-34
ZXEJ5508623: 17.866.640/6392-07<->91.309.752/6558-91
TKEJ9560232: 38.357.597/1236-44<->28.171.526/6755-42
LGJZ9516135: 60.982.098/6281-20<->00.026.898/4646-38
ZHXZ8953209: 22.498.267/6238-00<->60.106.656/4639-33
YEKJ5544019: 83.161.347/7874-42<->67.014.347/5781-32
WKSZ9183129: 91.479.157/2196-20<->44.861.132/5534-19
DPAZ8634465: 93.969.479/0440-00<->01.015.214/7775-90
WRTU9628000: 56.169.766/2055-04<->07.728.354/8030-86
UEIJ7216807: 07.737.246/4895-65<->60.326.096/0041-04
FWMZ5769560: 33.768.788/3747-73<->70.964.599/7411-50
VZPJ6304128: 87.958.671/9577-11<->99.132.140/4567-77
KYEU6274561: 32.018.346/3038-16<->46.659.546/9165-24
JHLZ9635710: 99.735.084/7253-89<->10.192.894/3932-16
HUIZ0449909: 81.719.667/8477-23<->71.791.616/4025-33
LIBJ7532710: 40.874.844/9242-03<->26.129.765/6710-68
VMWJ5041187: 00.088.049/7830-44<->13.083.224/1145-62
LVCJ2253462: 87.417.082/3529-02<->53.346.032/5492-02
ERMZ5696686: 07.230.459/0472-81<->90.563.472/6126-03
AFMZ1863113: 51.181.342/1150-53<->69.569.419/1231-95
PDDU6780487: 81.592.827/2379-63<->21.433.864/9509-33
XMQU0037285: 94.363.574/2236-31<->93.275.089/8916-97
TPJZ0115638: 10.911.590/5284-53<->62.903.931/0567-39
SDFU5759664: 90.719.102/5195-20<->36.766.001/1903-61
RKPU5633172: 59.646.289/3701-07<->87.671.147/2755-73
JYXU5565003: 09.073.661/5913-11<->86.029.125/1867-65
CTQJ9594390: 38.486.204/0274-72<->20.731.484/0143-61
KMGZ6032353: 27.042.613/7015-62<->48.060.111/2122-31
NBMZ1733353: 17.457.745/7892-31<->24.517.450/0031-52
NAGZ4756071: 62.302.478/8514-28<->84.037.003/2811-36
HUTU0996794: 11.688.420/1576-03<->72.108.877/5356-07
ENBZ8170080: 02.743.333/5401-51<->31.929.064/9623-60
XODZ7503586: 22.617.300/5307-96<->98.538.167/8098-35
JNMZ5106920: 19057kg (186%)
TOFJ2714075: 18849kg (177%)
TVTU5583949: 18079kg (174%)
OCTU2045789: 18630kg (170%)
ICNJ6996270: 17451kg (169%)
RSHZ7527120: 18140kg (167%)
WDVZ5861821: 17721kg (167%)
WHWU3924091: 18622kg (165%)
VEGZ3847308: 17271kg (164%)
QUFZ2078405: 18168kg (162%)
YZXZ6510566: 17492kg (158%)
BPHU8456669: 16454kg (156%)
YOWJ6947103: 17401kg (156%)
MKIU5099500: 16065kg (151%)
KSKJ7351054: 16291kg (151%)
MPPJ5663129: 15583kg (150%)
JFCZ8703376: 15393kg (146%)
LCOJ1350360: 17050kg (145%)
UAMZ7923576: 17720kg (145%)
NTGZ5779584: 16898kg (144%)
WKWZ9871067: 16435kg (143%)
VSTJ5114512: 16380kg (142%)
PLFZ7288586: 15317kg (142%)
TDDU3934135: 14168kg (141%)
DCVZ2087368: 15985kg (140%)
VSDU0176617: 16508kg (140%)
RBOZ0637219: 16112kg (138%)
VLGJ8291568: 13966kg (137%)
ACSU7711882: 15211kg (137%)
RFWJ8145128: 15339kg (136%)
GDEU9488830: 15315kg (135%)
RYBU5898922: 15996kg (134%)
PEQJ5472591: 15397kg (133%)
NRYZ5279455: 16186kg (133%)
YQVZ3476116: 14668kg (130%)
ZZRU0936757: 15124kg (130%)
PVNU0414823: 16452kg (130%)
BZWU5994951: 14026kg (129%)
GCFU6888351: 13452kg (129%)
UHRZ4974993: 14149kg (129%)
TBIJ1185307: 16091kg (127%)
NJGU6403788: 14847kg (127%)
SBDU0583597: 16402kg (125%)
FUOU9352088: 14197kg (125%)
IBXU0120789: 14702kg (124%)
LJGJ2866722: 12791kg (124%)
TBXU9846488: 15945kg (124%)
BGEJ5418611: 15488kg (123%)
FDUZ9441139: 14301kg (123%)
SBGZ2884139: 13753kg (123%)
RHAU9456887: 16468kg (122%)
JCWU6769216: 12777kg (122%)
AWUU3923787: 12154kg (121%)
HOZJ4819752: 14776kg (120%)
VICJ3675601: 15173kg (120%)
COQJ2043906: 14237kg (119%)
TVCJ4401100: 16238kg (119%)
UROU3735446: 15001kg (117%)
QLSJ4953241: 13626kg (116%)
JBJJ5820163: 14650kg (116%)
LQFZ9088539: 11808kg (115%)
SLUU7093902: 13736kg (115%)
FOIU0620401: 11500kg (115%)
FQNZ0551289: 13351kg (115%)
OGPJ2515952: 14535kg (114%)
DSIJ8214965: 15502kg (113%)
LARU4444643: 13721kg (113%)
TARZ2431670: 12520kg (113%)
RZKJ2254337: 14250kg (113%)
LMWU6098713: 13039kg (113%)
UIBJ0423411: 13848kg (112%)
UVJU5089278: 15107kg (112%)
SZLZ0084139: 11976kg (111%)
DJQJ5811831: 12540kg (110%)
DFNJ3387327: 13078kg (108%)
TMZZ9114122: 13267kg (107%)
WMNJ1241733: 12512kg (107%)
CPEU0916959: 11099kg (107%)
QTZU6766777: 12814kg (107%)
BGFJ0696852: 14434kg (106%)
LUSU5327702: 11653kg (106%)
PWJJ8546717: 13013kg (105%)
IPSZ3156921: 14275kg (105%)
YEXZ5250848: 15176kg (105%)
ULMJ9468972: 14964kg (105%)
QKKJ3373527: 12505kg (105%)
ECLZ2369488: 11544kg (104%)
FWUU4896657: 12622kg (104%)
XFCZ7773610: 14867kg (104%)
OPVU3641176: 11746kg (103%)
WHIJ8045534: 10970kg (103%)
AIDU4884361: 13359kg (103%)
HUCU2840580: 13040kg (103%)
JTYJ0607734: 14625kg (102%)
VOEU8901768: 11778kg (101%)
CQPJ5357036: 14252kg (100%)
AKNJ1961110: 13311kg (100%)
CNNJ3727718: 13640kg (99%)
ZLXU6307021: 12013kg (99%)
NVSU2193432: 13171kg (99%)
CZPU8535088: 13938kg (98%)
ERMU6286287: 12775kg (98%)
GUVZ1303737: 11075kg (98%)
XXWU2474118: 13863kg (98%)
TWIZ4531388: 13227kg (97%)
LYJU4487212: 11727kg (96%)
IKLU6591237: 14391kg (96%)
KWFU2115756: 10289kg (96%)
WYUZ5882843: 13232kg (96%)
EMVU4016110: 13147kg (95%)
EGHZ4390123: 9742kg (95%)
PWOJ7768743: 14040kg (95%)
XJCZ2225082: 11132kg (95%)
BHMZ5972637: 14389kg (95%)
WIMZ3897997: 14468kg (95%)
OEHJ3307719: 13030kg (95%)
ATAU4324724: 12015kg (94%)
HXPU9675436: 11490kg (94%)
KNVJ6607739: 13670kg (93%)
RMJZ1970025: 12765kg (93%)
QPOZ3364913: 14443kg (93%)
DMTZ2686517: 10966kg (93%)
ZJMZ1635574: 9930kg (92%)
WTDU9467498: 13494kg (92%)
GWVZ7024552: 9297kg (92%)
UZVZ5969406: 10029kg (92%)
YVOZ1109031: 12794kg (92%)
BLRZ6494577: 11111kg (92%)
IVQZ4400313: 10837kg (92%)
CWHZ7835733: 9509kg (91%)
CUEJ8620773: 13900kg (91%)
KTUZ9689936: 12552kg (90%)
FBUZ5805154: 12599kg (90%)
TCAZ5619447: 9573kg (90%)
ZIWU5392816: 13280kg (89%)
MAMJ5263402: 9120kg (89%)
SDOJ2768875: 12468kg (89%)
LEHU5045020: 11919kg (89%)
JBMJ0181874: 12659kg (88%)
BHSZ1675652: 12264kg (88%)
MTJU9888456: 12852kg (88%)
NQZJ1402107: 12819kg (88%)
PPHJ4983866: 13181kg (88%)
AANJ8918536: 12713kg (88%)
LDQZ8868602: 10341kg (87%)
JJGZ7174118: 12343kg (87%)
UKDU4148641: 10715kg (87%)
IVCZ4532482: 12852kg (86%)
HPHU2279136: 13385kg (85%)
UYJU8897726: 8533kg (85%)
ZXIJ7193932: 10189kg (85%)
ZQOU7458442: 10991kg (85%)
KSQJ5467022: 9764kg (85%)
JLCU0981478: 9322kg (85%)
LJHZ2024896: 12337kg (84%)
BODJ7418572: 12127kg (84%)
HDSU6928875: 11091kg (84%)
FRMZ7047977: 10703kg (83%)
CPWJ5579643: 9835kg (83%)
SMIZ7659915: 9718kg (83%)
ZMIU4954947: 8472kg (83%)
MIWJ0737090: 10155kg (83%)
HSGU0259223: 10724kg (83%)
OIOU7131955: 12691kg (82%)
MHSZ9361301: 11688kg (82%)
GUBZ3641856: 10064kg (82%)
HNWZ4597686: 11423kg (82%)
DYWU0704784: 12005kg (80%)
SXVU0051565: 9817kg (79%)
MNLJ1886309: 9275kg (79%)
LMNJ2857520: 9694kg (79%)
QIZJ4356707: 9161kg (79%)
UUXZ4175394: 9728kg (79%)
TJIU2694109: 8750kg (78%)
XQGU9523424: 12545kg (78%)
YIIU2162641: 10852kg (78%)
NZRJ8297831: 8968kg (78%)
ZLFU8997127: 12514kg (77%)
YVUZ1299136: 8988kg (77%)
JHRZ3146405: 12407kg (76%)
GZNU6199742: 8292kg (76%)
BCUZ1176638: 10601kg (76%)
NJZU3844274: 12250kg (76%)
FHEJ7661125: 9341kg (76%)
XECU3610002: 11638kg (75%)
BSCZ9322967: 10855kg (75%)
JCXZ0170707: 12034kg (75%)
YGPJ7810707: 11278kg (75%)
LJYU5358072: 12086kg (75%)
IGTZ6808972: 7571kg (74%)
DQPJ0331963: 12190kg (74%)
IKBU4728320: 9216kg (74%)
WEFZ3503634: 11306kg (74%)
VAGJ1397345: 9476kg (74%)
IGXJ7652913: 10412kg (74%)
SEWJ4276084: 9609kg (73%)
QHSU0280369: 11865kg (73%)
ITAU3545652: 12593kg (73%)
VUTJ7722786: 8169kg (73%)
YJIJ6161427: 8204kg (73%)
TIKJ2138819: 9667kg (73%)
OIKU8880429: 10993kg (73%)
QJZU3111502: 11087kg (72%)
ODCJ2691410: 8639kg (72%)
RFJU4268210: 10444kg (72%)
SORJ7765006: 12094kg (72%)
UYHJ2254735: 7881kg (71%)
EOFZ3246351: 8750kg (71%)
AMOJ0071517: 11308kg (71%)
UESU8335807: 8964kg (71%)
YDDJ2741145: 11679kg (71%)
MWIU6059351: 9187kg (70%)
VZQZ1153321: 10307kg (70%)
VRIZ1081697: 9330kg (70%)
INVZ6072826: 10039kg (70%)
GZCJ1270875: 9876kg (70%)
IIQU6279765: 9670kg (69%)
TYUZ8806759: 10961kg (69%)
TWWU5475786: 7349kg (69%)
MCMU3309434: 10868kg (69%)
UARU9912611: 10252kg (69%)
SOOJ9425965: 10481kg (68%)
EDNU1523988: 10111kg (68%)
AVRZ7640471: 9630kg (67%)
KUSZ3399033: 9216kg (67%)
WQRZ4349984: 11595kg (67%)
TZKU2079408: 11278kg (66%)
QJQJ6779696: 7524kg (66%)
MQMU6433276: 19866kg (66%)
KFXZ3082413: 19739kg (66%)
RVWJ1739886: 9816kg (66%)
GDRJ5647339: 9615kg (66%)
QGFU2624661: 9052kg (66%)
ZUBJ9278280: 18684kg (65%)
NYEJ6962948: 11072kg (65%)
FHZZ2822053: 8023kg (65%)
FLBU3310676: 18910kg (65%)
TKZJ7887984: 10334kg (65%)
HSSU4566064: 8164kg (65%)
RCYU0798053: 11310kg (65%)
IAEJ1138431: 11722kg (65%)
PCIU2019792: 7670kg (65%)
NXXZ0417782: 18624kg (64%)
EULU4874166: 7814kg (64%)
BBFU9142665: 8056kg (64%)
ESNU7447964: 18672kg (64%)
IOHJ0090514: 10049kg (63%)
ISVU9368857: 18184kg (63%)
RCEU0004418: 18951kg (63%)
NSGJ2667689: 17265kg (63%)
WOVU1027297: 9673kg (63%)
AKEU0203538: 9770kg (63%)
ICPU2467649: 10337kg (63%)
YXMZ8745160: 7795kg (63%)
OBSJ3029821: 10093kg (63%)
WUXJ9447591: 18472kg (62%)
HNXJ2951290: 8173kg (62%)
RWCJ9012661: 9201kg (62%)
QPIZ4831760: 7300kg (62%)
KQSJ2226943: 8159kg (62%)
KCDZ6057263: 17034kg (62%)
MSDJ6304475: 17480kg (62%)
CWJJ8831764: 16332kg (62%)
XGVU8021779: 16897kg (62%)
FIZZ3910420: 18026kg (61%)
SODZ0515568: 7411kg (61%)
HIFZ5154127: 16744kg (61%)
HGMJ4076474: 15736kg (61%)
AUTJ1845209: 8890kg (61%)
EBIJ3664281: 18140kg (61%)
HNYU1222833: 15667kg (61%)
DBFZ5475573: 16070kg (61%)
JRKZ5325144: 16463kg (61%)
CEOU0985286: 9857kg (61%)
YGYU3189090: 17485kg (61%)
ZFNJ3143392: 17587kg (61%)
GEBU7718282: 16953kg (60%)
YFLU3209422: 7258kg (60%)
IESZ2478929: 16352kg (60%)
MFWJ2536676: 10971kg (60%)
POWJ8188912: 17121kg (60%)
TFRU7146692: 11102kg (60%)
UBFZ5928459: 15806kg (60%)
NKHZ8774432: 16961kg (60%)
ZSOJ3498246: 6662kg (60%)
GHLJ3974256: 10349kg (60%)
MEXJ6664779: 17021kg (59%)
BHWU5399480: 9044kg (59%)
XJCZ9032655: 16340kg (59%)
CKTZ4479825: 16557kg (59%)
MUWZ0876728: 17017kg (59%)
ITKJ6824489: 10570kg (59%)
EDQU9050812: 14368kg (59%)
BSMU1447044: 15600kg (59%)
BOGU6591570: 15491kg (59%)
FEUJ8114101: 15462kg (59%)
BYSZ5942106: 16604kg (58%)
TRSU2998821: 15305kg (58%)
XMCU7368784: 11039kg (58%)
RAOJ8195666: 16157kg (58%)
BZNZ4723976: 15597kg (58%)
KNVJ9807638: 10399kg (58%)
DMYZ1196752: 15932kg (58%)
JSMZ7832277: 14771kg (58%)
ZPRU0131051: 8037kg (58%)
HBQJ0593525: 10572kg (58%)
JXXJ8542249: 13892kg (58%)
MTIU7436046: 8423kg (57%)
MAZZ8286745: 16299kg (57%)
MEUJ1138269: 16667kg (57%)
YFIZ7611432: 14922kg (57%)
BGCU7589958: 16107kg (57%)
EMXU1583187: 8710kg (57%)
TEBZ5476687: 14737kg (57%)
GVLZ1844550: 9701kg (57%)
ROTJ4209385: 8841kg (57%)
ZFWJ2376266: 16295kg (57%)
LJZZ5085955: 15066kg (57%)
EXCZ7613480: 17167kg (57%)
DVWZ7381792: 15814kg (56%)
PPOJ5951898: 12586kg (56%)
WFJZ9854236: 6193kg (56%)
AUUJ6951105: 15327kg (56%)
UVZJ7572691: 6128kg (56%)
WRVU3697669: 14140kg (56%)
IBBZ4019067: 10258kg (56%)
ZMIZ5843598: 14087kg (56%)
OJKU6095918: 14459kg (56%)
TTIZ5102770: 8969kg (56%)
BRSZ7912930: 15003kg (56%)
LQPU7829845: 8375kg (56%)
TQYJ7291399: 7431kg (56%)
URKU3359567: 16697kg (56%)
QPAJ7058117: 13458kg (56%)
YTRZ4224632: 16352kg (56%)
IGAZ0733366: 10597kg (56%)
AXEZ7953047: 14112kg (55%)
GQJZ2829500: 13823kg (55%)
MABU1429505: 13156kg (55%)
FIHJ0412445: 15590kg (55%)
RAPJ9465711: 13415kg (55%)
UTAZ1791206: 10025kg (55%)
TDCJ3217739: 9524kg (55%)
JADU4592579: 14009kg (55%)
GUSZ7167714: 9910kg (54%)
SBJJ1891015: 15870kg (54%)
VZTJ4722775: 16156kg (54%)
YPLJ1846028: 15000kg (54%)
PXTU8710228: 14641kg (54%)
EYZU5096938: 8254kg (54%)
KBVJ4983447: 14829kg (54%)
DRZZ7730848: 8209kg (54%)
YKSZ8908694: 6024kg (54%)
HQJU2090562: 8216kg (54%)
EARU1681194: 15328kg (54%)
DPYJ9349419: 7253kg (54%)
HZTZ5638712: 7018kg (54%)
EQBU3692959: 7738kg (54%)
QDHU1940766: 7743kg (54%)
GDCU4027722: 12029kg (54%)
YHXZ5261164: 12842kg (54%)
GAGJ0341732: 7320kg (54%)
QLJU4138073: 15544kg (54%)
NYWU4076794: 12154kg (54%)
OSDJ7169536: 5457kg (53%)
QIGJ5980942: 7404kg (53%)
PDUJ3217723: 13744kg (53%)
BMCJ3444211: 5875kg (53%)
SWMJ5931904: 15025kg (53%)
QXLJ9708126: 7201kg (53%)
PXBJ8962274: 15226kg (53%)
OTSJ2180496: 9055kg (53%)
UMNJ3539739: 9350kg (53%)
UISJ4250625: 8569kg (53%)
IGXJ1592799: 14177kg (53%)
TOCU0361043: 6716kg (53%)
KRIU5144772: 9813kg (53%)
YZFZ0295570: 15712kg (53%)
NYSU1517763: 11999kg (53%)
ECPZ0952827: 7235kg (53%)
NIHJ0614076: 13254kg (53%)
UHZZ8358550: 8688kg (53%)
HMAJ0683719: 5952kg (53%)
WUHU8393156: 8236kg (52%)
UXZU1359259: 10258kg (52%)
OQBU8456057: 13246kg (52%)
TVEZ3995637: 12608kg (52%)
NXZU3529353: 9635kg (52%)
HUEJ7589581: 8746kg (52%)
HCNU5488242: 14298kg (52%)
JSAJ1976115: 11186kg (52%)
CKKU7559980: 9491kg (52%)
IEFJ7819509: 12598kg (52%)
CKLJ2643463: 14925kg (52%)
UNRU4971918: 12575kg (52%)
OMZJ6761914: 14104kg (52%)
BJUJ8292598: 13241kg (52%)
JEBU0247608: 8862kg (52%)
PXCZ0792188: 10994kg (52%)
TZGZ9762959: 13413kg (52%)
AZKU3254745: 6443kg (52%)
HYUU8355876: 13338kg (52%)
CNDJ4543756: 14946kg (51%)
NOXJ2893833: 14309kg (51%)
HZFU0413456: 15279kg (51%)
UGGU7185837: 14031kg (51%)
EYQJ2558816: 12610kg (51%)
GREU9269286: 14643kg (51%)
EAEJ8816397: 13638kg (51%)
KFUJ6650385: 6745kg (51%)
FTEJ0129256: 11475kg (51%)
SAOU7401201: 12849kg (51%)
CXEJ0281248: 8701kg (51%)
BLTJ0674629: 14139kg (51%)
GMMU9917613: 7069kg (51%)
LLGU1961929: 13698kg (51%)
ICNU1239160: 8829kg (51%)
XZZZ9877087: 13339kg (50%)
VEJZ1124415: 13125kg (50%)
PYZJ2652925: 8792kg (50%)
JPLZ3214979: 13890kg (50%)
DBFJ9914428: 14411kg (50%)
CNAZ4603370: 8937kg (50%)
VMUU1528885: 11213kg (50%)
XIJU9520536: 8801kg (50%)
WZKZ8778440: 9185kg (50%)
GVEZ5999760: 9157kg (50%)
OXNU0006878: 12735kg (50%)
THWJ9439757: 11390kg (50%)
IGKJ4463750: 9674kg (49%)
OJEU8109625: 12910kg (49%)
FCWZ7620713: 12853kg (49%)
TQKJ5253362: 6701kg (49%)
BUAZ0911245: 10061kg (49%)
ITDJ8927279: 8492kg (49%)
PWEZ9356334: 10648kg (49%)
ZHYJ2490887: 13079kg (49%)
PSNJ2105124: 11916kg (49%)
GQNU9862615: 9680kg (49%)
FYXU1373515: 11480kg (49%)
HLLZ6062128: 10843kg (49%)
LMVZ4903716: 5433kg (49%)
KPQZ1762996: 13303kg (49%)
VKYZ8205917: 10878kg (48%)
TLAU3186315: 5996kg (48%)
XNUU4964927: 7564kg (48%)
CUXU5998839: 11642kg (48%)
QNBU5822176: 9516kg (48%)
MWLU0305009: 7135kg (48%)
BNPZ4378465: 8414kg (48%)
THNJ4195070: 11014kg (48%)
HPJU2754022: 12915kg (48%)
CQHJ7981985: 6218kg (48%)
CCSJ4043620: 10705kg (48%)
XWKU2542097: 12862kg (48%)
UXFU9519426: 5855kg (48%)
EUKJ0208233: 13395kg (48%)
AWFU4868839: 10758kg (48%)
FMQU9564248: 8168kg (48%)
EYOJ2949553: 6161kg (48%)
JYOU5956337: 10908kg (48%)
DADU3633006: 9026kg (48%)
PZCZ7400826: 12521kg (48%)
QMFJ4558161: 11318kg (47%)
RNMZ2648582: 8763kg (47%)
TJNU5912994: 8611kg (47%)
WVJZ9763384: 7596kg (47%)
ZZXZ7056197: 10148kg (47%)
WXLU6243942: 7813kg (47%)
ZXSJ7281001: 13174kg (47%)
XHRZ7734043: 5192kg (47%)
DSZZ5326985: 6340kg (47%)
HYNU7548271: 7168kg (47%)
IAJJ9305321: 7562kg (47%)
TDIJ7463327: 12380kg (46%)
PBBZ7025401: 4799kg (46%)
SDDJ4245828: 13421kg (46%)
OHYZ4093360: 8443kg (46%)
HBWZ9134460: 10975kg (46%)
GPUZ7729500: 6946kg (46%)
CDHJ1593024: 13632kg (46%)
IXUU8876122: 10403kg (46%)
HLAU8726551: 8714kg (46%)
WMFU9449600: 4972kg (46%)
MWJU2181958: 8867kg (46%)
QQFJ3631803: 13750kg (46%)
GXQU5606758: 9589kg (46%)
GQNZ2109995: 13351kg (46%)
RPFZ6545812: 10784kg (46%)
VRLU1863832: 6012kg (46%)
TDHJ6867736: 12939kg (46%)
ODQU6937277: 5660kg (46%)
SQOU2299276: 13585kg (46%)
PHCU3026119: 8408kg (46%)
UAAJ2185413: 5307kg (46%)
QHWZ5864091: 10105kg (46%)
OYJJ5462021: 13228kg (46%)
NKKJ7238220: 7960kg (46%)
YVYU4586790: 5031kg (46%)
PRNU7768448: 12779kg (45%)
UIYZ7265273: 6087kg (45%)
UKDJ5158178: 12513kg (45%)
LMNJ1065505: 8656kg (45%)
HVCU9989311: 8564kg (45%)
SGOU1271502: 9279kg (45%)
TLOU8423253: 13220kg (45%)
HJWZ9444022: 9348kg (45%)
IIKJ9260798: 11967kg (45%)
FFFU7142641: 8881kg (45%)
ISWZ2278719: 10427kg (45%)
FSBJ6316142: 8112kg (45%)
KBEU8746724: 6776kg (45%)
ZIEZ6025028: 12140kg (45%)
KFXU2751854: 12729kg (45%)
OCQU3355125: 7292kg (45%)
VCLZ8693373: 12479kg (45%)
BJDZ4373754: 9167kg (45%)
RVLZ5071019: 10141kg (44%)
RDGU4366224: 12699kg (44%)
BIPU0662676: 11362kg (44%)
HGNU8014553: 8992kg (44%)
VAMU1761386: 11385kg (44%)
XHSJ1365314: 8673kg (44%)
BEEZ4226517: 11082kg (44%)
QLEZ4378119: 12854kg (44%)
PITJ3811220: 5956kg (44%)
ESFU8764505: 7769kg (44%)
XEEU3785721: 13063kg (44%)
JIVJ2096749: 5363kg (44%)
QPHJ2001710: 11281kg (44%)
PRZU0810851: 11798kg (44%)
YPFZ6934155: 8602kg (44%)
ILWJ7196244: 8704kg (44%)
AEFZ9704504: 11133kg (44%)
QQYZ3905231: 7953kg (44%)
MYLJ9623729: 12878kg (44%)
QRHU3410100: 6117kg (44%)
LBPJ1519018: 7910kg (44%)
PIXU2858874: 8667kg (44%)
XAVZ1433992: 6442kg (44%)
HLFU2441222: 8717kg (44%)
MHHU7248112: 11539kg (43%)
QQDZ3111807: 10453kg (43%)
QOSU6464235: 8669kg (43%)
HGKJ6882930: 10617kg (43%)
JSQZ4746751: 8840kg (43%)
QLCZ5438122: 11955kg (43%)
QRLU5895625: 8693kg (43%)
UWHJ9494651: 8139kg (43%)
QPIZ5548625: 9934kg (43%)
UVGZ4714880: 4730kg (43%)
PJKZ5029373: 11572kg (43%)
SNLJ9968305: 8075kg (43%)
DGQU0503639: 9099kg (43%)
RDYZ7207093: 8039kg (43%)
AJXZ9628440: 11742kg (43%)
SRCZ0547245: 10906kg (43%)
WCNZ8672428: 8552kg (43%)
KUWJ8818152: 8152kg (43%)
RHLU3665713: 10979kg (43%)
QULU6596195: 5008kg (43%)
AZVZ8079578: 7721kg (43%)
LQEZ8322476: 12231kg (43%)
ALYZ1282384: 7306kg (43%)
HZYJ8854656: 8109kg (43%)
BVKZ8681693: 12350kg (43%)
ABVJ0189042: 7742kg (43%)
OUYU6497917: 10782kg (43%)
ZTEJ8585589: 10680kg (43%)
AREU0602042: 10501kg (43%)
YQWU4567204: 6981kg (43%)
HETU9660837: 8843kg (43%)
UAXU6783259: 12513kg (42%)
DYKU2471861: 9765kg (42%)
SRJJ2008331: 5297kg (42%)
JBOU9878345: 10604kg (42%)
PZZZ5375330: 9547kg (42%)
CCJZ0997014: 7984kg (42%)
PKKJ9979207: 10423kg (42%)
JNLU4377792: 8250kg (42%)
IBVU1190253: 7681kg (42%)
IKQJ0287263: 6062kg (42%)
ATJZ3240436: 8157kg (42%)
KDNU5077320: 7390kg (42%)
BAMJ1580606: 12480kg (42%)
NSQJ3432924: 8143kg (42%)
WIOU1561156: 8928kg (42%)
MFXU3789272: 11827kg (42%)
UGKU0874646: 7161kg (42%)
NNLZ3003420: 8009kg (42%)
SAVZ6456156: 4764kg (42%)
BHSJ7285947: 10825kg (42%)
HPCJ0790443: 9309kg (42%)
VDJZ0314640: 12437kg (42%)
VFTU0889892: 5270kg (42%)
RVEZ0409120: 7553kg (42%)
FJYU9829268: 8737kg (42%)
RSRZ2458021: 5309kg (41%)
WJEJ9831372: 6004kg (41%)
DCVZ5245852: 7003kg (41%)
EHQU5023172: 10413kg (41%)
AOAU3539480: 9582kg (41%)
FOVU4439425: 11722kg (41%)
PGCU6926970: 9654kg (41%)
SWHJ9912847: 9059kg (41%)
UFIJ0451207: 7885kg (41%)
OOVU8956024: 11992kg (41%)
TNAU5112557: 11019kg (41%)
PLWJ4413969: 4328kg (41%)
QXZU9836878: 12393kg (41%)
GEJJ1387307: 8538kg (41%)
TQMZ0072732: 11773kg (41%)
MBJJ9721866: 8036kg (41%)
DAKJ7872532: 12061kg (41%)
NKGU9983094: 9365kg (41%)
LALJ4574572: 5780kg (40%)
PFAJ4742672: 10561kg (40%)
HDDU4467116: 8323kg (40%)
DVGU1732742: 10569kg (40%)
SEHU3117479: 4620kg (40%)
PCOU1371924: 4826kg (40%)
HCEU4259458: 7706kg (40%)
IYUU9075102: 7690kg (40%)
WNHU7636175: 9996kg (40%)
RXHJ8479905: 7995kg (40%)
FZOZ5652816: 12092kg (40%)
BRNU2865000: 8384kg (40%)
PIQJ5793144: 8697kg (40%)
LALU0909092: 10390kg (40%)
RNUU3886943: 7895kg (40%)
TDLU5402750: 4116kg (40%)
PBEJ6767870: 8187kg (40%)
VIGU6042872: 7388kg (40%)
XYZJ0707824: 8256kg (39%)
NICJ6626083: 9118kg (39%)
TYEU5893029: 4069kg (39%)
CMPJ2619257: 11234kg (39%)
FBZZ4131075: 10874kg (39%)
YQUJ5820510: 11714kg (39%)
ZXWJ7275040: 11049kg (39%)
GREZ1283232: 7830kg (39%)
BBPZ2344732: 7691kg (39%)
CBSJ2926259: 6577kg (39%)
ZMEU1976847: 11107kg (39%)
USKU1881416: 10857kg (39%)
TONJ7325875: 4699kg (39%)
CLGU4944096: 9825kg (39%)
HSCZ2557861: 7085kg (39%)
CHFZ6353099: 8763kg (39%)
LOPJ0607280: 9180kg (39%)
AQZZ5452905: 10543kg (39%)
RTWZ9463889: 5657kg (39%)
CQCJ3573120: 11732kg (39%)
VWBZ9121830: 7373kg (39%)
CWJJ4758713: 7148kg (39%)
QRTU9043446: 7872kg (39%)
IKCJ1913987: 8953kg (39%)
NISZ6417482: 9590kg (39%)
ZLRJ0118602: 7820kg (39%)
CHZJ3056730: 9995kg (38%)
NDGJ7883009: 7351kg (38%)
OKDJ4628516: 5973kg (38%)
GRGU0676274: 9279kg (38%)
GKCZ0506717: 7653kg (38%)
CBTJ0975148: 5282kg (38%)
AOOZ3026559: 7454kg (38%)
DUPU1479450: 7201kg (38%)
EFAJ4145516: 9385kg (38%)
CIOU7778677: 9623kg (38%)
SYWJ2853251: 6092kg (38%)
HJVJ6156894: 4902kg (38%)
NFNU8238132: 11386kg (38%)
CWQU3229563: 8173kg (37%)
BMWZ6703881: 9998kg (37%)
ODEZ1635369: 7865kg (37%)
UJVZ7960053: 6866kg (37%)
WLCU1698652: 7089kg (37%)
BUEZ6189305: 10906kg (37%)
RIWZ0060083: 6881kg (37%)
HECU8257997: 6426kg (37%)
QPQU8571704: 5276kg (37%)
LTEZ4763451: 5583kg (37%)
TYWU3593458: 10252kg (37%)
BXIU8709596: 6496kg (37%)
CWSZ2451078: 10961kg (37%)
AEDZ3893299: 6227kg (37%)
HJNJ7671491: 8173kg (37%)
OSTZ4362310: 6389kg (37%)
OTDZ9018617: 9991kg (37%)
RXOJ2550528: 7080kg (37%)
INPJ8459309: 7591kg (36%)
YGEU5993846: 6173kg (36%)
FXPZ5100839: 6419kg (36%)
NLMZ9898443: 6900kg (36%)
MKUZ7610973: 10722kg (36%)
APIZ0949573: 10913kg (36%)
DUBJ0812504: 7000kg (36%)
FVGU4950690: 5756kg (36%)
BZOU5454812: 9615kg (36%)
VDSJ1722749: 7081kg (36%)
EJFZ7922120: 9945kg (36%)
PGFZ4207601: 7179kg (36%)
STIJ9518109: 4813kg (36%)
XOPZ8221709: 9993kg (36%)
OKDU2448261: 7509kg (36%)
RLQJ4123178: 9184kg (36%)
ARZZ9284665: 8515kg (36%)
XOCZ5407884: 8214kg (36%)
UIZJ5312747: 8141kg (36%)
EBWJ1195638: 9996kg (36%)
CKUU2809253: 7769kg (36%)
ZTWJ7589393: 9763kg (36%)
IVKU7827857: 8790kg (36%)
NUKU3850201: 6625kg (36%)
SCZZ6719774: 5156kg (36%)
AHOZ2402244: 9612kg (36%)
PPOZ4748462: 10368kg (36%)
UQWU1875361: 7829kg (35%)
VRYZ7607850: 6060kg (35%)
AUOU3867225: 7095kg (35%)
CVKU7991343: 6011kg (35%)
YUIZ3320591: 7589kg (35%)
SGGU3099143: 10153kg (35%)
AMQZ5682616: 7040kg (35%)
BSRZ3872580: 8348kg (35%)
TNJZ1012133: 10275kg (35%)
JNQZ9710425: 5876kg (35%)
ITTZ6319312: 7343kg (35%)
KJVZ9317195: 5251kg (35%)
ELNU0568371: 10535kg (35%)
FRCZ8909887: 8133kg (35%)
QYSZ7996403: 9412kg (34%)
DRYU3236398: 5480kg (34%)
MHAU0472155: 4824kg (34%)
GBIJ5729715: 5700kg (34%)
UFDZ0851168: 10028kg (34%)
SJMJ1831156: 5834kg (34%)
OWNU6986689: 5633kg (34%)
IHTU9147265: 3654kg (34%)
HUEU5840278: 5720kg (34%)
DHFZ9557372: 7504kg (34%)
OVSJ0649244: 8194kg (34%)
GBOZ0082780: 7150kg (34%)
MSNZ2456765: 3910kg (34%)
ZYQU1463391: 5396kg (34%)
FIJJ2592550: 5910kg (34%)
LNBZ7790565: 9163kg (34%)
KRIJ3768572: 6359kg (34%)
ZHZU3529611: 5482kg (33%)
IWHJ7629013: 5099kg (33%)
OJNU2141370: 3763kg (33%)
QFIU8680260: 9213kg (33%)
UGFJ7207810: 7270kg (33%)
WRZJ8328004: 7608kg (33%)
GOYU6939849: 6131kg (33%)
NFMU7204548: 5223kg (33%)
IWLZ7809914: 6207kg (33%)
FXSU4215807: 5590kg (33%)
BCFZ5864433: 8046kg (33%)
CARZ5223906: 7397kg (33%)
PWRU4014537: 5776kg (33%)
IATU8891052: 5761kg (33%)
TPSU3467641: 9812kg (33%)
PFSU8787463: 7700kg (33%)
EOUZ1672664: 5860kg (33%)
RSYU5133807: 7035kg (33%)
YTEU2048813: 9259kg (33%)
HWSJ4126372: 9426kg (33%)
BOWZ6042111: 3532kg (33%)
XWLU3271147: 5379kg (33%)
KODZ1612962: 4659kg (33%)
RWEJ0552192: 9359kg (33%)
EGGJ2838705: 6422kg (33%)
RLIJ3714920: 7592kg (32%)
TRFJ1684124: 6254kg (32%)
LEBU4854879: 8053kg (32%)
PUKU1003494: 7148kg (32%)
GDHJ2548980: 7308kg (32%)
UWYJ0787344: 5557kg (32%)
NRRZ5710396: 6106kg (32%)
QVNU9520275: 6755kg (32%)
KSDZ0225163: 4077kg (32%)
LKZJ2767808: 7676kg (32%)
RMJJ7587856: 6692kg (32%)
AMZU1477034: 6906kg (32%)
HZMZ1974266: 5740kg (32%)
FLXU1542041: 3437kg (32%)
XVDU8031792: 5371kg (32%)
HJLZ8701841: 5315kg (31%)
XFCU7937506: 5498kg (31%)
NBUU3519822: 8556kg (31%)
XZKJ6779341: 7978kg (31%)
YLIJ2329515: 5432kg (31%)
GQTJ6092531: 9235kg (31%)
RNXZ3582509: 5529kg (31%)
JTAU5132540: 7305kg (31%)
NDIJ2339390: 5700kg (31%)
RJKJ2432115: 7804kg (31%)
DUKZ0463969: 5173kg (31%)
PAEJ5521755: 7755kg (31%)
BBOZ7887912: 6406kg (31%)
RQSJ2129013: 8540kg (31%)
ZADU1361498: 6514kg (31%)
SNOJ7381496: 5420kg (31%)
UADZ4304796: 9408kg (31%)
XCPJ3430858: 4710kg (31%)
DFIU8634266: 9070kg (31%)
HOHZ4141296: 4630kg (31%)
HSIZ5239292: 5013kg (31%)
YVWU2788739: 7115kg (31%)
EIWU2391347: 7248kg (31%)
GTOJ0074360: 4631kg (31%)
XIXU2688999: 8000kg (30%)
DMEU4907639: 6188kg (30%)
GEPU0910508: 6042kg (30%)
LXJZ9345720: 5063kg (30%)
GDRJ5596151: 8635kg (30%)
WVPJ0516621: 4763kg (30%)
MDVJ4632583: 5037kg (30%)
PQCU1078362: 6055kg (30%)
KPOZ7552422: 3789kg (30%)
SPBU8770446: 6978kg (30%)
VMZU0248969: 6321kg (30%)
ETZZ7618055: 5375kg (30%)
TOKJ0380936: 6009kg (30%)
CEVU0087458: 7991kg (30%)
VTPU4339062: 8632kg (30%)
NPFU5432091: 4999kg (30%)
HVDU2718431: 4790kg (30%)
DKAJ3629953: 4523kg (30%)
GSFJ1366954: 8067kg (30%)
DHIJ8314383: 7590kg (30%)
WZSZ1887806: 6620kg (30%)
DPMZ1031368: 5976kg (30%)
RWRZ9642576: 6248kg (30%)
BMTU1138998: 7009kg (29%)
AIJJ4183604: 7061kg (29%)
GNEJ4377573: 8696kg (29%)
NJQZ5391322: 8787kg (29%)
FKTZ5348896: 3661kg (29%)
CKVU3357534: 4282kg (29%)
RZJJ9470626: 8510kg (29%)
LZDZ0602988: 5723kg (29%)
GMFJ7168593: 6475kg (29%)
HZEU3368070: 5347kg (29%)
BKEZ5579630: 5545kg (29%)
CIPU0642663: 6278kg (29%)
WKCJ4443410: 8381kg (29%)
AYBZ7308719: 5532kg (29%)
PRVZ6866545: 7655kg (29%)
GYYJ5508006: 5980kg (29%)
MYFU4366804: 8306kg (29%)
YZKJ7313227: 7786kg (29%)
RWYU7165042: 3425kg (29%)
XLXJ3787134: 7569kg (29%)
WLRZ1001609: 8044kg (29%)
UOMJ5288493: 8027kg (29%)
OWYU2193326: 2943kg (29%)
VESZ7628357: 6744kg (29%)
IGMJ6252097: 3173kg (28%)
YUVU1455125: 3580kg (28%)
QELJ6584636: 7445kg (28%)
HVAU7526284: 5372kg (28%)
YFUJ3449778: 5886kg (28%)
WFHJ2977057: 7000kg (28%)
IRVU6380388: 8253kg (28%)
SYKZ0243866: 5244kg (28%)
YMRZ4135248: 6779kg (28%)
PJQU0734682: 7255kg (28%)
QZTZ5458394: 5321kg (28%)
YIJU3971101: 6315kg (28%)
KFRZ4885040: 5550kg (28%)
KEOU0060228: 8069kg (28%)
NLEU0721684: 6778kg (28%)
IWDU5196112: 4469kg (28%)
UIWZ3543737: 6179kg (28%)
MOOU7485849: 4351kg (28%)
AICJ7040797: 6251kg (28%)
JYOU7629354: 6139kg (28%)
JBEJ6584446: 4360kg (28%)
TKQJ8251875: 5744kg (28%)
TCFJ3210548: 6045kg (28%)
WYLJ6815246: 4018kg (28%)
KOGZ8945169: 3882kg (28%)
XQNJ6712441: 4989kg (28%)
ECDU9466989: 5506kg (28%)
BYLJ2186605: 4583kg (28%)
KZMU3310979: 7619kg (27%)
JLQJ9324976: 6062kg (27%)
NPGZ6680820: 6807kg (27%)
IQWJ8959070: 5054kg (27%)
HDWJ2444140: 7624kg (27%)
WQJJ2775863: 5276kg (27%)
VEGJ4443650: 3618kg (27%)
QOYU4401101: 5039kg (27%)
PPPU4185760: 4572kg (27%)
PGJU8758454: 6087kg (27%)
GPYZ5488416: 3963kg (27%)
MCPJ4466023: 6593kg (27%)
OFZU9519188: 6681kg (27%)
FOOZ7746386: 7832kg (27%)
VXDU0324329: 2727kg (27%)
HEQJ7886620: 4961kg (27%)
FRGJ5503197: 3177kg (27%)
JLJU0121550: 5117kg (27%)
JYSZ5720946: 6431kg (27%)
JUGZ4624772: 4810kg (27%)
ADXZ8667789: 6083kg (27%)
DBLU8417636: 3765kg (27%)
KZOJ1157554: 3868kg (27%)
RHFZ3042309: 5630kg (27%)
QJLU8248030: 5915kg (27%)
IPSU0373303: 6780kg (27%)
TDZU1327247: 7646kg (26%)
UEHU1856031: 5028kg (26%)
SWDU7929458: 7428kg (26%)
BFRU6590444: 6194kg (26%)
YIZU6223089: 4301kg (26%)
ISCJ3467479: 4703kg (26%)
ESXZ3846740: 3551kg (26%)
FCTJ8266738: 5053kg (26%)
HEYU8887324: 6568kg (26%)
ZSZJ1752772: 6110kg (26%)
LINZ0377510: 4751kg (26%)
EASU4064648: 7653kg (26%)
BDMJ8668441: 6349kg (26%)
DLQJ4071839: 6528kg (26%)
SMHJ4584216: 5238kg (26%)
IVTJ8372952: 6748kg (26%)
SOYJ8109386: 5299kg (26%)
QGMU7882007: 7481kg (26%)
NUHZ7373043: 7502kg (26%)
QWUJ2693570: 4782kg (26%)
FHFU4576285: 5652kg (26%)
DWPJ7584733: 4306kg (26%)
JADJ2478131: 3671kg (26%)
KOFJ9782450: 7212kg (26%)
WVFU4023800: 5242kg (26%)
QHEU4664476: 5027kg (26%)
JDYZ9894135: 5798kg (26%)
JFGZ3814088: 4685kg (25%)
UBOZ3724554: 6949kg (25%)
HEFZ3433906: 3722kg (25%)
DHNU8151096: 5186kg (25%)
UWYU3462814: 6015kg (25%)
RHDZ8995358: 7326kg (25%)
RQFU6324524: 7243kg (25%)
VVGU1708753: 5521kg (25%)
CEGJ7735383: 5915kg (25%)
ZOFJ9093028: 6989kg (25%)
VTMU5421688: 4515kg (25%)
URAJ4061627: 6522kg (25%)
EKFJ3677289: 4829kg (25%)
NKKJ9227205: 5784kg (25%)
NRBJ7404897: 4551kg (25%)
DXWZ5490348: 7075kg (25%)
CHWZ0888876: 3527kg (25%)
KFTU2114981: 3987kg (25%)
BWQU5268822: 6737kg (25%)
BDHU8731573: 5359kg (25%)
AVPJ1944450: 4925kg (25%)
QETU7562020: 6430kg (25%)
JTTZ1211123: 5682kg (24%)
RTAU6105880: 3809kg (24%)
MFJU3692513: 4781kg (24%)
GWLJ1382534: 5227kg (24%)
JWVU6140266: 3680kg (24%)
LLXZ0819316: 4635kg (24%)
HTRU5821883: 2738kg (24%)
DDYJ4944287: 4827kg (24%)
WULZ5104210: 5453kg (24%)
HVOJ8907268: 3039kg (24%)
OIPZ0729964: 5379kg (24%)
SWYU2671901: 4786kg (24%)
IPYZ7570547: 2472kg (24%)
NGNZ9695954: 6127kg (24%)
UQGU8075200: 4306kg (24%)
MDDZ5796460: 6438kg (24%)
ITYZ7785367: 5349kg (24%)
SMSU5454142: 4381kg (24%)
DMYZ3543362: 5675kg (24%)
OBJZ2445093: 4054kg (24%)
TNYU9920954: 5311kg (24%)
TFMJ3719596: 2647kg (24%)
LLZU0965735: 3961kg (24%)
KGIJ3316408: 6078kg (24%)
FOEZ0150381: 2764kg (23%)
IZFZ2168743: 4368kg (23%)
BGKU4399784: 5579kg (23%)
UWIJ7744420: 5046kg (23%)
UYZJ6139578: 4660kg (23%)
FSHZ6100704: 5242kg (23%)
AQHZ7069672: 4561kg (23%)
BDFU8659980: 6498kg (23%)
OGCJ0180179: 5699kg (23%)
NDLU3634696: 4151kg (23%)
IVCU8958211: 4415kg (23%)
YLJZ5342111: 4455kg (23%)
XVGU2035130: 2514kg (23%)
DNJU8993153: 4544kg (23%)
CGNJ9244974: 5165kg (23%)
YBKU6288424: 4320kg (23%)
VKIU9003507: 5026kg (23%)
TLFJ0019053: 2379kg (23%)
VTJZ5427665: 5046kg (23%)
JOHU9848744: 6778kg (23%)
NBYZ8307340: 5704kg (23%)
OEDZ7767117: 5088kg (23%)
JHGZ7362508: 4213kg (23%)
UZXJ0593580: 5612kg (23%)
RXOZ0685600: 3593kg (23%)
SPKU1054629: 6291kg (23%)
KXUZ5524960: 2805kg (23%)
ELKU8654348: 2650kg (23%)
VZXU3799306: 3861kg (23%)
MCLU1734196: 2908kg (23%)
ITJU0724327: 4310kg (23%)
XLXU2115054: 3559kg (22%)
NOLU6920331: 5050kg (22%)
BQFJ3940110: 5106kg (22%)
PHPJ3149199: 5517kg (22%)
CFFJ9186370: 4759kg (22%)
MVZJ4990270: 5145kg (22%)
YJYU4226950: 6460kg (22%)
JRRJ4226558: 5159kg (22%)
LVOZ9218355: 6317kg (22%)
DKXZ2876777: 3268kg (22%)
TZXJ4449715: 3533kg (22%)
JMVU7436046: 5215kg (22%)
MSJU7923319: 5307kg (22%)
DPOZ3738917: 4649kg (22%)
MKHU7184390: 4938kg (22%)
KSWU8194742: 4093kg (22%)
DTNJ8683060: 4624kg (22%)
ZSIZ8371813: 3452kg (22%)
PPQU0140042: 6243kg (22%)
UKMU3696343: 2701kg (22%)
EHYU1145361: 5020kg (22%)
FHWU9268780: 3971kg (22%)
KPZZ8603441: 6407kg (22%)
AATJ1124996: 5091kg (22%)
WNOJ6402081: 4217kg (22%)
ZMTU9942452: 5842kg (21%)
BYOJ4002663: 4292kg (21%)
RABZ4923958: 2726kg (21%)
VPGJ4610281: 5610kg (21%)
ATUU2935652: 4436kg (21%)
HWUU4129637: 3477kg (21%)
RDIU2471299: 3056kg (21%)
YGVZ2424078: 4156kg (21%)
EBHU1302888: 5605kg (21%)
GRJZ9519795: 4961kg (21%)
KEQJ8255813: 5043kg (21%)
GHEJ5562357: 3494kg (21%)
QOEZ2751445: 3239kg (21%)
QUMU3824765: 3777kg (21%)
COUU6515798: 3672kg (21%)
OPPU6185824: 3721kg (21%)
WKLJ1510937: 3186kg (21%)
VQGZ3921292: 5038kg (21%)
NXJJ6670341: 3368kg (21%)
GUOJ8785533: 5103kg (21%)
ORGJ1662366: 2686kg (21%)
VSRU9094749: 6027kg (21%)
OBDJ7837737: 3310kg (21%)
ISFZ1194492: 3067kg (21%)
LSTZ9748751: 5609kg (21%)
SQPU7109265: 3151kg (21%)
MVTZ1887727: 5607kg (21%)
EMNZ6982332: 5128kg (21%)
VMSJ6744925: 4733kg (20%)
WCBJ8806792: 4990kg (20%)
IAUZ6648882: 3479kg (20%)
RLQU9126773: 4983kg (20%)
UCPJ9049409: 4121kg (20%)
AHEU5109500: 2533kg (20%)
KAYJ7751438: 5259kg (20%)
NDOZ9076320: 3823kg (20%)
RVFJ7111662: 5876kg (20%)
HKOU8507749: 4184kg (20%)
RJOJ5658422: 3255kg (20%)
HFIZ8481996: 5180kg (20%)
MCTU4496550: 3467kg (20%)
TYPZ2664764: 4034kg (20%)
KRIJ6645304: 2723kg (20%)
VYZJ9582955: 2966kg (20%)
RXSZ1200976: 3009kg (20%)
HMVU4206366: 5318kg (20%)
JYYU1734106: 4595kg (20%)
ETTZ4642087: 5384kg (20%)
JGTU3587038: 3282kg (20%)
HIMZ9880590: 4777kg (20%)
YUGJ3541532: 3370kg (20%)
YGTU0253104: 5095kg (20%)
GKMJ6304780: 2896kg (20%)
GLEJ9565068: 4036kg (20%)
KFAJ0145631: 4411kg (20%)
YVYZ3551836: 2210kg (20%)
PFNU7939176: 5209kg (20%)
WHRZ8157473: 4218kg (20%)
QTKU0177375: 3854kg (19%)
NKRZ8803457: 4109kg (19%)
HUAJ9679486: 4708kg (19%)
ICNZ2091129: 4450kg (19%)
QYUZ9051291: 4480kg (19%)
DOHZ2688615: 4298kg (19%)
WWZU0358079: 3528kg (19%)
OMSU1367077: 3619kg (19%)
EJSZ0754439: 3041kg (19%)
XNWU8804252: 4682kg (19%)
FEUU4552414: 3775kg (19%)
KFMU5119135: 3407kg (19%)
WNOU1641938: 3611kg (19%)
WLNU4833121: 4146kg (19%)
PNEJ7978427: 3916kg (19%)
LYJU3315611: 2832kg (19%)
VMNZ8094425: 5018kg (19%)
JQJU1881486: 3812kg (19%)
SPTU1053952: 3858kg (19%)
EKEU3736580: 3021kg (19%)
IMBZ6048395: 4177kg (19%)
MYVZ6965656: 4641kg (19%)
FLDJ2744282: 3695kg (19%)
MEMU4961170: 3210kg (19%)
VDXJ4392812: 3623kg (18%)
YDLU5354604: 3749kg (18%)
JKDU6111238: 4094kg (18%)
XYYZ1869567: 4052kg (18%)
PPPJ7210624: 5233kg (18%)
ZTLJ6761433: 3389kg (18%)
PCYZ4931466: 4517kg (18%)
LQOU1645776: 4632kg (18%)
NEWJ3821598: 4766kg (18%)
UWXU1055449: 3229kg (18%)
GPDU4094931: 1883kg (18%)
TTJZ4386738: 4130kg (18%)
NOYJ1381894: 5073kg (18%)
GZPU9156083: 2476kg (18%)
DBGJ5546682: 4553kg (18%)
EFBU1909572: 3013kg (18%)
TLLJ3520495: 3597kg (18%)
PMGJ1798015: 4478kg (17%)
WTOJ1679149: 2770kg (17%)
QINJ3335547: 3946kg (17%)
QZHJ0919592: 3393kg (17%)
ADTJ9289842: 4198kg (17%)
QDKU5836557: 3563kg (17%)
NMTZ7465697: 3503kg (17%)
FZCZ4426368: 3778kg (17%)
BTAJ7744554: 3630kg (17%)
UOHZ1913238: 2592kg (17%)
VRTZ1086311: 4022kg (17%)
VWZJ5039419: 4327kg (17%)
HTZU3009747: 4461kg (17%)
JKHU9702733: 2819kg (17%)
RNQU2425120: 3663kg (17%)
SYUZ2698580: 4338kg (17%)
MOVU2751472: 4889kg (17%)
KGSU6163531: 3590kg (17%)
ECKZ8956306: 3300kg (17%)
IIAZ0841011: 4281kg (16%)
DPOZ0567027: 1993kg (16%)
ZDHZ3945909: 2022kg (16%)
KGLJ6141969: 2710kg (16%)
NLAJ6320204: 3662kg (16%)
INKU2114596: 4503kg (16%)
MFGU2825343: 4457kg (16%)
LXSZ3709154: 4321kg (16%)
NDPU1382920: 4186kg (16%)
JGQU6936835: 3522kg (16%)
OGZJ4886772: 2495kg (16%)
FHCZ5898052: 3655kg (16%)
MLCZ4691149: 3675kg (16%)
VOUU0106639: 3129kg (16%)
EVTU1311476: 4468kg (16%)
QXOJ8052765: 3699kg (16%)
HXYU8003448: 3190kg (16%)
NCXZ1429622: 3316kg (16%)
PHZZ7027827: 4615kg (16%)
ZIFJ5239910: 4034kg (16%)
JUAZ3740100: 3732kg (16%)
RCQJ9201023: 2752kg (16%)
WFYZ3745676: 3157kg (15%)
TSIJ6207835: 3128kg (15%)
YCRU7591116: 2839kg (15%)
QVQJ3884856: 3676kg (15%)
KBWU3388155: 2994kg (15%)
HBVJ7271472: 4036kg (15%)
BCVZ5807028: 2389kg (15%)
BKSU8119314: 2526kg (15%)
LRIZ1511645: 3058kg (15%)
GSBJ3950795: 4404kg (15%)
OIUZ1565643: 2936kg (15%)
SJQU1476642: 3552kg (15%)
LIAJ4704924: 2679kg (15%)
CQQZ7503541: 3526kg (15%)
WZBJ8365970: 4017kg (15%)
INRJ0160918: 3293kg (15%)
OSHZ0298159: 2076kg (15%)
XEGU9217737: 4126kg (15%)
EHNJ7810190: 2118kg (15%)
YPVU7135953: 3524kg (15%)
BKNZ0789997: 3005kg (15%)
KQSU6165812: 2361kg (15%)
PNJZ7385537: 3403kg (15%)
UDUJ8416212: 4268kg (15%)
IOQJ4145947: 2033kg (15%)
AYYJ9654333: 2148kg (15%)
WQPZ4592769: 2291kg (15%)
GNXJ1724603: 3968kg (15%)
RLKJ0310877: 3456kg (15%)
EYDU3444977: 1736kg (14%)
SYLJ8380757: 2601kg (14%)
VEUJ0143841: 1530kg (14%)
IJUZ2967724: 1748kg (14%)
VVCJ0247719: 3083kg (14%)
FSKU2813169: 3453kg (14%)
ZCAZ1501271: 1595kg (14%)
EFUU3343652: 3518kg (14%)
XNBJ7073165: 2113kg (14%)
MPTZ9423588: 2724kg (14%)
HJYJ8428720: 1934kg (14%)
ZYCJ2326112: 2620kg (14%)
IRHU0425658: 3244kg (14%)
HKZJ1644027: 4259kg (14%)
YTDZ4643024: 2959kg (14%)
RGOJ6210651: 3678kg (14%)
QMDZ5597036: 2879kg (14%)
VJOZ3346079: 2826kg (14%)
FJSJ5737767: 3522kg (14%)
VCPJ3000321: 2365kg (14%)
SUUU4109130: 3454kg (14%)
HNBU7831244: 3500kg (14%)
QOAJ4148291: 4106kg (14%)
TYZZ3823202: 2929kg (14%)
OUCZ4909180: 2076kg (14%)
TWBZ8110043: 4026kg (14%)
CVGU5377149: 3472kg (14%)
ISCZ0178017: 3307kg (14%)
TFHJ0752148: 3064kg (14%)
XACZ3060480: 3522kg (14%)
GJZU9323245: 3766kg (14%)
OJAZ1354226: 3655kg (14%)
EDWJ8765504: 1722kg (14%)
MLTJ7916376: 3654kg (14%)
QDSJ3926185: 2951kg (14%)
XGVU6273748: 3536kg (14%)
PWYU3318343: 1854kg (14%)
BQSU3812328: 3107kg (14%)
CSEU9398065: 3108kg (14%)
WFUJ1572769: 2771kg (13%)
FRKZ7461925: 2202kg (13%)
MDXZ8869851: 3226kg (13%)
GYYU4735959: 3682kg (13%)
NLNJ2789047: 3081kg (13%)
JPBU2230789: 2078kg (13%)
CGKJ9513530: 1784kg (13%)
VDUZ6871541: 3171kg (13%)
CPXJ0427863: 2763kg (13%)
RFKU3775013: 3547kg (13%)
AVHJ4678069: 2215kg (13%)
RVXJ0017703: 3256kg (13%)
PTTZ9849236: 2663kg (13%)
HTEJ9409218: 3148kg (13%)
JAPZ4698562: 1446kg (13%)
CXLZ7727535: 3606kg (13%)
SLZU1003616: 2097kg (13%)
FBNZ0321150: 2597kg (13%)
MLNU5235605: 3732kg (13%)
GZDU5331154: 2679kg (13%)
EDVZ4206100: 1732kg (13%)
DOBZ3263474: 2919kg (13%)
QHMJ6121985: 3286kg (13%)
VMEZ1173388: 3734kg (13%)
BJYU4966110: 1819kg (12%)
DAOJ1306987: 1422kg (12%)
OPTZ2204489: 1876kg (12%)
ZVHU8327070: 2902kg (12%)
GCGZ0178806: 1642kg (12%)
GDPU0461743: 2536kg (12%)
VZBJ0784937: 3114kg (12%)
MMSU1005618: 2851kg (12%)
AQLJ2222596: 1760kg (12%)
SUYU7603963: 1830kg (12%)
SPOJ5025913: 2766kg (12%)
JDGJ8754537: 2030kg (12%)
DAZJ2304466: 1887kg (12%)
KRXJ9192086: 2486kg (12%)
JICJ0896883: 1593kg (12%)
PFWU4943999: 2173kg (12%)
LZQZ9863412: 1356kg (12%)
UKKU1591035: 1779kg (12%)
AMFU6593196: 2479kg (12%)
IYKJ0743632: 2682kg (12%)
KFIJ6673694: 2339kg (12%)
APAU1826107: 3146kg (12%)
IHEJ2895549: 2751kg (12%)
UBEJ5436989: 2849kg (12%)
UQNJ3278338: 1726kg (12%)
GTTZ1641379: 1818kg (12%)
SKQU9334212: 2812kg (12%)
YORU9930110: 2474kg (12%)
QKDU1345519: 3021kg (12%)
NOFU5001886: 3468kg (12%)
VVHZ0780132: 1568kg (12%)
OCGJ0850609: 2741kg (12%)
GDKU7870818: 2381kg (11%)
FWSU0776847: 2984kg (11%)
OSQZ0084203: 2214kg (11%)
CIGZ5613577: 1788kg (11%)
JQTJ8096794: 2692kg (11%)
KDYJ2272839: 2661kg (11%)
KLYJ9790088: 2352kg (11%)
RZIU2405255: 1907kg (11%)
LUKU4976926: 1904kg (11%)
GNFJ7187793: 2117kg (11%)
RMVZ3460882: 2427kg (11%)
ELTZ6261592: 1742kg (11%)
AWSZ7553919: 2373kg (11%)
XHOZ5659341: 2391kg (11%)
HBWJ5121521: 2406kg (11%)
GXXU8276825: 2928kg (11%)
HSXZ8940673: 2376kg (11%)
XMKJ1342332: 1874kg (11%)
LGWU4799929: 1716kg (11%)
PQSJ7421197: 1414kg (11%)
RKNJ2437921: 2229kg (11%)
VGOZ4323991: 1915kg (11%)
UEIZ0719198: 2332kg (11%)
PADU6419032: 2937kg (11%)
ZRIJ0012140: 1850kg (11%)
KGKZ0313672: 1976kg (11%)
